

================================================================
== Vitis HLS Report for 'gradientCalculation'
================================================================
* Date:           Mon Apr 22 21:29:42 2024

* Version:        2023.2 (Build 4023990 on Oct 11 2023)
* Project:        Grad_calc
* Solution:       solution1 (Vivado IP Flow Target)
* Product family: virtexuplus
* Target device:  xcvu11p-flga2577-1-e


================================================================
== Performance Estimates
================================================================
+ Timing: 
    * Summary: 
    +--------+----------+----------+------------+
    |  Clock |  Target  | Estimated| Uncertainty|
    +--------+----------+----------+------------+
    |ap_clk  |  10.00 ns|  6.679 ns|     2.70 ns|
    +--------+----------+----------+------------+

+ Latency: 
    * Summary: 
    +---------+---------+-----------+-----------+-----+-----+---------+
    |  Latency (cycles) |   Latency (absolute)  |  Interval | Pipeline|
    |   min   |   max   |    min    |    max    | min | max |   Type  |
    +---------+---------+-----------+-----------+-----+-----+---------+
    |        4|        4|  40.000 ns|  40.000 ns|    2|    2|      yes|
    +---------+---------+-----------+-----------+-----+-----+---------+

    + Detail: 
        * Instance: 
        N/A

        * Loop: 
        N/A



================================================================
== Utilization Estimates
================================================================
* Summary: 
+---------------------+---------+------+---------+---------+-----+
|         Name        | BRAM_18K|  DSP |    FF   |   LUT   | URAM|
+---------------------+---------+------+---------+---------+-----+
|DSP                  |        -|     -|        -|        -|    -|
|Expression           |        -|     -|        0|     2830|    -|
|FIFO                 |        -|     -|        -|        -|    -|
|Instance             |        -|   150|        0|     1000|    -|
|Memory               |        -|     -|        -|        -|    -|
|Multiplexer          |        -|     -|        -|     1726|    -|
|Register             |        -|     -|     2373|        -|    -|
+---------------------+---------+------+---------+---------+-----+
|Total                |        0|   150|     2373|     5556|    0|
+---------------------+---------+------+---------+---------+-----+
|Available SLR        |     1344|  3072|   864000|   432000|  320|
+---------------------+---------+------+---------+---------+-----+
|Utilization SLR (%)  |        0|     4|       ~0|        1|    0|
+---------------------+---------+------+---------+---------+-----+
|Available            |     4032|  9216|  2592000|  1296000|  960|
+---------------------+---------+------+---------+---------+-----+
|Utilization (%)      |        0|     1|       ~0|       ~0|    0|
+---------------------+---------+------+---------+---------+-----+

+ Detail: 
    * Instance: 
    +------------------------+--------------------+---------+----+---+----+-----+
    |        Instance        |       Module       | BRAM_18K| DSP| FF| LUT| URAM|
    +------------------------+--------------------+---------+----+---+----+-----+
    |mul_32s_32s_32_1_1_U1   |mul_32s_32s_32_1_1  |        0|   3|  0|  20|    0|
    |mul_32s_32s_32_1_1_U2   |mul_32s_32s_32_1_1  |        0|   3|  0|  20|    0|
    |mul_32s_32s_32_1_1_U3   |mul_32s_32s_32_1_1  |        0|   3|  0|  20|    0|
    |mul_32s_32s_32_1_1_U4   |mul_32s_32s_32_1_1  |        0|   3|  0|  20|    0|
    |mul_32s_32s_32_1_1_U5   |mul_32s_32s_32_1_1  |        0|   3|  0|  20|    0|
    |mul_32s_32s_32_1_1_U6   |mul_32s_32s_32_1_1  |        0|   3|  0|  20|    0|
    |mul_32s_32s_32_1_1_U7   |mul_32s_32s_32_1_1  |        0|   3|  0|  20|    0|
    |mul_32s_32s_32_1_1_U8   |mul_32s_32s_32_1_1  |        0|   3|  0|  20|    0|
    |mul_32s_32s_32_1_1_U9   |mul_32s_32s_32_1_1  |        0|   3|  0|  20|    0|
    |mul_32s_32s_32_1_1_U10  |mul_32s_32s_32_1_1  |        0|   3|  0|  20|    0|
    |mul_32s_32s_32_1_1_U11  |mul_32s_32s_32_1_1  |        0|   3|  0|  20|    0|
    |mul_32s_32s_32_1_1_U12  |mul_32s_32s_32_1_1  |        0|   3|  0|  20|    0|
    |mul_32s_32s_32_1_1_U13  |mul_32s_32s_32_1_1  |        0|   3|  0|  20|    0|
    |mul_32s_32s_32_1_1_U14  |mul_32s_32s_32_1_1  |        0|   3|  0|  20|    0|
    |mul_32s_32s_32_1_1_U15  |mul_32s_32s_32_1_1  |        0|   3|  0|  20|    0|
    |mul_32s_32s_32_1_1_U16  |mul_32s_32s_32_1_1  |        0|   3|  0|  20|    0|
    |mul_32s_32s_32_1_1_U17  |mul_32s_32s_32_1_1  |        0|   3|  0|  20|    0|
    |mul_32s_32s_32_1_1_U18  |mul_32s_32s_32_1_1  |        0|   3|  0|  20|    0|
    |mul_32s_32s_32_1_1_U19  |mul_32s_32s_32_1_1  |        0|   3|  0|  20|    0|
    |mul_32s_32s_32_1_1_U20  |mul_32s_32s_32_1_1  |        0|   3|  0|  20|    0|
    |mul_32s_32s_32_1_1_U21  |mul_32s_32s_32_1_1  |        0|   3|  0|  20|    0|
    |mul_32s_32s_32_1_1_U22  |mul_32s_32s_32_1_1  |        0|   3|  0|  20|    0|
    |mul_32s_32s_32_1_1_U23  |mul_32s_32s_32_1_1  |        0|   3|  0|  20|    0|
    |mul_32s_32s_32_1_1_U24  |mul_32s_32s_32_1_1  |        0|   3|  0|  20|    0|
    |mul_32s_32s_32_1_1_U25  |mul_32s_32s_32_1_1  |        0|   3|  0|  20|    0|
    |mul_32s_32s_32_1_1_U26  |mul_32s_32s_32_1_1  |        0|   3|  0|  20|    0|
    |mul_32s_32s_32_1_1_U27  |mul_32s_32s_32_1_1  |        0|   3|  0|  20|    0|
    |mul_32s_32s_32_1_1_U28  |mul_32s_32s_32_1_1  |        0|   3|  0|  20|    0|
    |mul_32s_32s_32_1_1_U29  |mul_32s_32s_32_1_1  |        0|   3|  0|  20|    0|
    |mul_32s_32s_32_1_1_U30  |mul_32s_32s_32_1_1  |        0|   3|  0|  20|    0|
    |mul_32s_32s_32_1_1_U31  |mul_32s_32s_32_1_1  |        0|   3|  0|  20|    0|
    |mul_32s_32s_32_1_1_U32  |mul_32s_32s_32_1_1  |        0|   3|  0|  20|    0|
    |mul_32s_32s_32_1_1_U33  |mul_32s_32s_32_1_1  |        0|   3|  0|  20|    0|
    |mul_32s_32s_32_1_1_U34  |mul_32s_32s_32_1_1  |        0|   3|  0|  20|    0|
    |mul_32s_32s_32_1_1_U35  |mul_32s_32s_32_1_1  |        0|   3|  0|  20|    0|
    |mul_32s_32s_32_1_1_U36  |mul_32s_32s_32_1_1  |        0|   3|  0|  20|    0|
    |mul_32s_32s_32_1_1_U37  |mul_32s_32s_32_1_1  |        0|   3|  0|  20|    0|
    |mul_32s_32s_32_1_1_U38  |mul_32s_32s_32_1_1  |        0|   3|  0|  20|    0|
    |mul_32s_32s_32_1_1_U39  |mul_32s_32s_32_1_1  |        0|   3|  0|  20|    0|
    |mul_32s_32s_32_1_1_U40  |mul_32s_32s_32_1_1  |        0|   3|  0|  20|    0|
    |mul_32s_32s_32_1_1_U41  |mul_32s_32s_32_1_1  |        0|   3|  0|  20|    0|
    |mul_32s_32s_32_1_1_U42  |mul_32s_32s_32_1_1  |        0|   3|  0|  20|    0|
    |mul_32s_32s_32_1_1_U43  |mul_32s_32s_32_1_1  |        0|   3|  0|  20|    0|
    |mul_32s_32s_32_1_1_U44  |mul_32s_32s_32_1_1  |        0|   3|  0|  20|    0|
    |mul_32s_32s_32_1_1_U45  |mul_32s_32s_32_1_1  |        0|   3|  0|  20|    0|
    |mul_32s_32s_32_1_1_U46  |mul_32s_32s_32_1_1  |        0|   3|  0|  20|    0|
    |mul_32s_32s_32_1_1_U47  |mul_32s_32s_32_1_1  |        0|   3|  0|  20|    0|
    |mul_32s_32s_32_1_1_U48  |mul_32s_32s_32_1_1  |        0|   3|  0|  20|    0|
    |mul_32s_32s_32_1_1_U49  |mul_32s_32s_32_1_1  |        0|   3|  0|  20|    0|
    |mul_32s_32s_32_1_1_U50  |mul_32s_32s_32_1_1  |        0|   3|  0|  20|    0|
    +------------------------+--------------------+---------+----+---+----+-----+
    |Total                   |                    |        0| 150|  0|1000|    0|
    +------------------------+--------------------+---------+----+---+----+-----+

    * DSP: 
    N/A

    * Memory: 
    N/A

    * FIFO: 
    N/A

    * Expression: 
    +------------------------+----------+----+---+----+------------+------------+
    |      Variable Name     | Operation| DSP| FF| LUT| Bitwidth P0| Bitwidth P1|
    +------------------------+----------+----+---+----+------------+------------+
    |add_ln25_10_fu_828_p2   |         +|   0|  0|  32|          32|          32|
    |add_ln25_11_fu_834_p2   |         +|   0|  0|  32|          32|          32|
    |add_ln25_12_fu_922_p2   |         +|   0|  0|  32|          32|          32|
    |add_ln25_13_fu_927_p2   |         +|   0|  0|  32|          32|          32|
    |add_ln25_14_fu_840_p2   |         +|   0|  0|  39|          32|          32|
    |add_ln25_15_fu_932_p2   |         +|   0|  0|  32|          32|          32|
    |add_ln25_16_fu_937_p2   |         +|   0|  0|  39|          32|          32|
    |add_ln25_17_fu_942_p2   |         +|   0|  0|  32|          32|          32|
    |add_ln25_18_fu_947_p2   |         +|   0|  0|  32|          32|          32|
    |add_ln25_19_fu_953_p2   |         +|   0|  0|  32|          32|          32|
    |add_ln25_1_fu_822_p2    |         +|   0|  0|  39|          32|          32|
    |add_ln25_20_fu_958_p2   |         +|   0|  0|  32|          32|          32|
    |add_ln25_21_fu_846_p2   |         +|   0|  0|  39|          32|          32|
    |add_ln25_22_fu_964_p2   |         +|   0|  0|  39|          32|          32|
    |add_ln25_23_fu_1241_p2  |         +|   0|  0|  32|          32|          32|
    |add_ln25_24_fu_969_p2   |         +|   0|  0|  32|          32|          32|
    |add_ln25_25_fu_974_p2   |         +|   0|  0|  32|          32|          32|
    |add_ln25_26_fu_979_p2   |         +|   0|  0|  32|          32|          32|
    |add_ln25_27_fu_985_p2   |         +|   0|  0|  32|          32|          32|
    |add_ln25_28_fu_1245_p2  |         +|   0|  0|  32|          32|          32|
    |add_ln25_29_fu_852_p2   |         +|   0|  0|  39|          32|          32|
    |add_ln25_2_fu_881_p2    |         +|   0|  0|  32|          32|          32|
    |add_ln25_30_fu_991_p2   |         +|   0|  0|  39|          32|          32|
    |add_ln25_31_fu_1250_p2  |         +|   0|  0|  32|          32|          32|
    |add_ln25_32_fu_996_p2   |         +|   0|  0|  32|          32|          32|
    |add_ln25_33_fu_1000_p2  |         +|   0|  0|  32|          32|          32|
    |add_ln25_34_fu_1005_p2  |         +|   0|  0|  32|          32|          32|
    |add_ln25_35_fu_1011_p2  |         +|   0|  0|  32|          32|          32|
    |add_ln25_36_fu_1254_p2  |         +|   0|  0|  32|          32|          32|
    |add_ln25_37_fu_1017_p2  |         +|   0|  0|  39|          32|          32|
    |add_ln25_38_fu_1022_p2  |         +|   0|  0|  32|          32|          32|
    |add_ln25_39_fu_1027_p2  |         +|   0|  0|  32|          32|          32|
    |add_ln25_3_fu_886_p2    |         +|   0|  0|  39|          32|          32|
    |add_ln25_40_fu_1032_p2  |         +|   0|  0|  32|          32|          32|
    |add_ln25_41_fu_1037_p2  |         +|   0|  0|  32|          32|          32|
    |add_ln25_42_fu_1043_p2  |         +|   0|  0|  39|          32|          32|
    |add_ln25_43_fu_1048_p2  |         +|   0|  0|  32|          32|          32|
    |add_ln25_44_fu_1053_p2  |         +|   0|  0|  32|          32|          32|
    |add_ln25_45_fu_1058_p2  |         +|   0|  0|  32|          32|          32|
    |add_ln25_46_fu_1064_p2  |         +|   0|  0|  32|          32|          32|
    |add_ln25_47_fu_858_p2   |         +|   0|  0|  39|          32|          32|
    |add_ln25_48_fu_1070_p2  |         +|   0|  0|  39|          32|          32|
    |add_ln25_49_fu_1260_p2  |         +|   0|  0|  32|          32|          32|
    |add_ln25_4_fu_891_p2    |         +|   0|  0|  32|          32|          32|
    |add_ln25_50_fu_1075_p2  |         +|   0|  0|  32|          32|          32|
    |add_ln25_51_fu_1080_p2  |         +|   0|  0|  32|          32|          32|
    |add_ln25_52_fu_1086_p2  |         +|   0|  0|  32|          32|          32|
    |add_ln25_53_fu_1091_p2  |         +|   0|  0|  32|          32|          32|
    |add_ln25_54_fu_1264_p2  |         +|   0|  0|  32|          32|          32|
    |add_ln25_55_fu_864_p2   |         +|   0|  0|  39|          32|          32|
    |add_ln25_56_fu_1097_p2  |         +|   0|  0|  39|          32|          32|
    |add_ln25_57_fu_1270_p2  |         +|   0|  0|  32|          32|          32|
    |add_ln25_58_fu_1102_p2  |         +|   0|  0|  32|          32|          32|
    |add_ln25_59_fu_1107_p2  |         +|   0|  0|  32|          32|          32|
    |add_ln25_5_fu_896_p2    |         +|   0|  0|  32|          32|          32|
    |add_ln25_60_fu_1113_p2  |         +|   0|  0|  32|          32|          32|
    |add_ln25_61_fu_1119_p2  |         +|   0|  0|  32|          32|          32|
    |add_ln25_62_fu_1274_p2  |         +|   0|  0|  32|          32|          32|
    |add_ln25_63_fu_870_p2   |         +|   0|  0|  39|          32|          32|
    |add_ln25_64_fu_1125_p2  |         +|   0|  0|  32|          32|          32|
    |add_ln25_65_fu_1129_p2  |         +|   0|  0|  32|          32|          32|
    |add_ln25_66_fu_1135_p2  |         +|   0|  0|  32|          32|          32|
    |add_ln25_67_fu_1141_p2  |         +|   0|  0|  32|          32|          32|
    |add_ln25_68_fu_1147_p2  |         +|   0|  0|  32|          32|          32|
    |add_ln25_69_fu_1153_p2  |         +|   0|  0|  39|          32|          32|
    |add_ln25_6_fu_901_p2    |         +|   0|  0|  32|          32|          32|
    |add_ln25_70_fu_1158_p2  |         +|   0|  0|  32|          32|          32|
    |add_ln25_71_fu_1164_p2  |         +|   0|  0|  39|          32|          32|
    |add_ln25_72_fu_1169_p2  |         +|   0|  0|  32|          32|          32|
    |add_ln25_73_fu_1175_p2  |         +|   0|  0|  32|          32|          32|
    |add_ln25_74_fu_1181_p2  |         +|   0|  0|  32|          32|          32|
    |add_ln25_75_fu_1187_p2  |         +|   0|  0|  32|          32|          32|
    |add_ln25_76_fu_1193_p2  |         +|   0|  0|  39|          32|          32|
    |add_ln25_77_fu_1199_p2  |         +|   0|  0|  32|          32|          32|
    |add_ln25_78_fu_1205_p2  |         +|   0|  0|  32|          32|          32|
    |add_ln25_79_fu_1211_p2  |         +|   0|  0|  32|          32|          32|
    |add_ln25_7_fu_906_p2    |         +|   0|  0|  32|          32|          32|
    |add_ln25_80_fu_1217_p2  |         +|   0|  0|  32|          32|          32|
    |add_ln25_81_fu_1223_p2  |         +|   0|  0|  32|          32|          32|
    |add_ln25_82_fu_1229_p2  |         +|   0|  0|  39|          32|          32|
    |add_ln25_83_fu_1235_p2  |         +|   0|  0|  32|          32|          32|
    |add_ln25_8_fu_912_p2    |         +|   0|  0|  39|          32|          32|
    |add_ln25_9_fu_917_p2    |         +|   0|  0|  32|          32|          32|
    |add_ln25_fu_876_p2      |         +|   0|  0|  32|          32|          32|
    |ap_enable_pp0           |       xor|   0|  0|   2|           1|           2|
    +------------------------+----------+----+---+----+------------+------------+
    |Total                   |          |   0|  0|2830|        2689|        2690|
    +------------------------+----------+----+---+----+------------+------------+

    * Multiplexer: 
    +-------------------------------+----+-----------+-----+-----------+
    |              Name             | LUT| Input Size| Bits| Total Bits|
    +-------------------------------+----+-----------+-----+-----------+
    |ap_NS_fsm                      |  14|          3|    1|          3|
    |ap_enable_reg_pp0_iter0        |   9|          2|    1|          2|
    |ap_enable_reg_pp0_iter2        |   9|          2|    1|          2|
    |grad_current_layer_0_address0  |  14|          3|    2|          6|
    |grad_current_layer_0_address1  |  14|          3|    2|          6|
    |grad_current_layer_0_d0        |  14|          3|   32|         96|
    |grad_current_layer_0_d1        |  14|          3|   32|         96|
    |grad_current_layer_1_address0  |  14|          3|    2|          6|
    |grad_current_layer_1_address1  |  14|          3|    2|          6|
    |grad_current_layer_1_d0        |  14|          3|   32|         96|
    |grad_current_layer_1_d1        |  14|          3|   32|         96|
    |grad_current_layer_2_address0  |  14|          3|    2|          6|
    |grad_current_layer_2_address1  |  14|          3|    2|          6|
    |grad_current_layer_2_d0        |  14|          3|   32|         96|
    |grad_current_layer_2_d1        |  14|          3|   32|         96|
    |grad_current_layer_3_address0  |  14|          3|    2|          6|
    |grad_current_layer_3_address1  |  14|          3|    2|          6|
    |grad_current_layer_3_d0        |  14|          3|   32|         96|
    |grad_current_layer_3_d1        |  14|          3|   32|         96|
    |grad_next_layer_0_address0     |  14|          3|    2|          6|
    |grad_next_layer_0_address1     |  14|          3|    2|          6|
    |grad_next_layer_1_address0     |  14|          3|    2|          6|
    |grad_next_layer_1_address1     |  14|          3|    2|          6|
    |grad_next_layer_2_address0     |  14|          3|    2|          6|
    |grad_next_layer_2_address1     |  14|          3|    2|          6|
    |grad_next_layer_3_address0     |  14|          3|    2|          6|
    |grad_next_layer_3_address1     |  14|          3|    2|          6|
    |grp_fu_478_p0                  |  14|          3|   32|         96|
    |grp_fu_478_p1                  |  14|          3|   32|         96|
    |grp_fu_484_p0                  |  14|          3|   32|         96|
    |grp_fu_490_p0                  |  14|          3|   32|         96|
    |grp_fu_490_p1                  |  14|          3|   32|         96|
    |grp_fu_496_p0                  |  14|          3|   32|         96|
    |grp_fu_496_p1                  |  14|          3|   32|         96|
    |grp_fu_502_p0                  |  14|          3|   32|         96|
    |grp_fu_502_p1                  |  14|          3|   32|         96|
    |grp_fu_508_p0                  |  14|          3|   32|         96|
    |grp_fu_508_p1                  |  14|          3|   32|         96|
    |grp_fu_514_p0                  |  14|          3|   32|         96|
    |grp_fu_514_p1                  |  14|          3|   32|         96|
    |grp_fu_520_p0                  |  14|          3|   32|         96|
    |grp_fu_520_p1                  |  14|          3|   32|         96|
    |grp_fu_526_p0                  |  14|          3|   32|         96|
    |grp_fu_526_p1                  |  14|          3|   32|         96|
    |grp_fu_532_p0                  |  14|          3|   32|         96|
    |grp_fu_532_p1                  |  14|          3|   32|         96|
    |grp_fu_538_p0                  |  14|          3|   32|         96|
    |grp_fu_538_p1                  |  14|          3|   32|         96|
    |grp_fu_544_p0                  |  14|          3|   32|         96|
    |grp_fu_544_p1                  |  14|          3|   32|         96|
    |grp_fu_550_p0                  |  14|          3|   32|         96|
    |grp_fu_550_p1                  |  14|          3|   32|         96|
    |grp_fu_556_p0                  |  14|          3|   32|         96|
    |grp_fu_556_p1                  |  14|          3|   32|         96|
    |grp_fu_562_p0                  |  14|          3|   32|         96|
    |grp_fu_562_p1                  |  14|          3|   32|         96|
    |grp_fu_568_p0                  |  14|          3|   32|         96|
    |grp_fu_568_p1                  |  14|          3|   32|         96|
    |grp_fu_574_p0                  |  14|          3|   32|         96|
    |grp_fu_574_p1                  |  14|          3|   32|         96|
    |grp_fu_580_p0                  |  14|          3|   32|         96|
    |grp_fu_580_p1                  |  14|          3|   32|         96|
    |grp_fu_586_p0                  |  14|          3|   32|         96|
    |grp_fu_586_p1                  |  14|          3|   32|         96|
    |grp_fu_592_p0                  |  14|          3|   32|         96|
    |grp_fu_592_p1                  |  14|          3|   32|         96|
    |grp_fu_598_p0                  |  14|          3|   32|         96|
    |grp_fu_598_p1                  |  14|          3|   32|         96|
    |grp_fu_604_p0                  |  14|          3|   32|         96|
    |grp_fu_604_p1                  |  14|          3|   32|         96|
    |grp_fu_610_p0                  |  14|          3|   32|         96|
    |grp_fu_610_p1                  |  14|          3|   32|         96|
    |grp_fu_616_p0                  |  14|          3|   32|         96|
    |grp_fu_616_p1                  |  14|          3|   32|         96|
    |grp_fu_622_p0                  |  14|          3|   32|         96|
    |grp_fu_622_p1                  |  14|          3|   32|         96|
    |grp_fu_628_p0                  |  14|          3|   32|         96|
    |grp_fu_628_p1                  |  14|          3|   32|         96|
    |grp_fu_634_p0                  |  14|          3|   32|         96|
    |grp_fu_634_p1                  |  14|          3|   32|         96|
    |grp_fu_640_p0                  |  14|          3|   32|         96|
    |grp_fu_640_p1                  |  14|          3|   32|         96|
    |grp_fu_646_p0                  |  14|          3|   32|         96|
    |grp_fu_646_p1                  |  14|          3|   32|         96|
    |grp_fu_652_p1                  |  14|          3|   32|         96|
    |grp_fu_658_p0                  |  14|          3|   32|         96|
    |grp_fu_658_p1                  |  14|          3|   32|         96|
    |grp_fu_664_p0                  |  14|          3|   32|         96|
    |grp_fu_664_p1                  |  14|          3|   32|         96|
    |grp_fu_670_p0                  |  14|          3|   32|         96|
    |grp_fu_670_p1                  |  14|          3|   32|         96|
    |grp_fu_676_p0                  |  14|          3|   32|         96|
    |grp_fu_676_p1                  |  14|          3|   32|         96|
    |grp_fu_682_p0                  |  14|          3|   32|         96|
    |grp_fu_682_p1                  |  14|          3|   32|         96|
    |grp_fu_688_p0                  |  14|          3|   32|         96|
    |grp_fu_688_p1                  |  14|          3|   32|         96|
    |grp_fu_694_p0                  |  14|          3|   32|         96|
    |grp_fu_694_p1                  |  14|          3|   32|         96|
    |grp_fu_700_p0                  |  14|          3|   32|         96|
    |grp_fu_700_p1                  |  14|          3|   32|         96|
    |grp_fu_706_p0                  |  14|          3|   32|         96|
    |grp_fu_706_p1                  |  14|          3|   32|         96|
    |grp_fu_712_p1                  |  14|          3|   32|         96|
    |grp_fu_718_p0                  |  14|          3|   32|         96|
    |grp_fu_718_p1                  |  14|          3|   32|         96|
    |grp_fu_724_p0                  |  14|          3|   32|         96|
    |grp_fu_724_p1                  |  14|          3|   32|         96|
    |grp_fu_730_p0                  |  14|          3|   32|         96|
    |grp_fu_730_p1                  |  14|          3|   32|         96|
    |grp_fu_736_p0                  |  14|          3|   32|         96|
    |grp_fu_736_p1                  |  14|          3|   32|         96|
    |grp_fu_742_p0                  |  14|          3|   32|         96|
    |grp_fu_742_p1                  |  14|          3|   32|         96|
    |grp_fu_748_p0                  |  14|          3|   32|         96|
    |grp_fu_748_p1                  |  14|          3|   32|         96|
    |grp_fu_754_p0                  |  14|          3|   32|         96|
    |grp_fu_754_p1                  |  14|          3|   32|         96|
    |grp_fu_760_p0                  |  14|          3|   32|         96|
    |grp_fu_760_p1                  |  14|          3|   32|         96|
    |grp_fu_766_p0                  |  14|          3|   32|         96|
    |grp_fu_766_p1                  |  14|          3|   32|         96|
    |grp_fu_772_p0                  |  14|          3|   32|         96|
    |grp_fu_772_p1                  |  14|          3|   32|         96|
    +-------------------------------+----+-----------+-----+-----------+
    |Total                          |1726|        370| 3395|      10183|
    +-------------------------------+----+-----------+-----+-----------+

    * Register: 
    +-----------------------------------+----+----+-----+-----------+
    |                Name               | FF | LUT| Bits| Const Bits|
    +-----------------------------------+----+----+-----+-----------+
    |add_ln25_11_reg_1520               |  32|   0|   32|          0|
    |add_ln25_12_reg_1671               |  32|   0|   32|          0|
    |add_ln25_14_reg_1525               |  32|   0|   32|          0|
    |add_ln25_15_reg_1676               |  32|   0|   32|          0|
    |add_ln25_1_reg_1370                |  32|   0|   32|          0|
    |add_ln25_20_reg_1681               |  32|   0|   32|          0|
    |add_ln25_21_reg_1566               |  32|   0|   32|          0|
    |add_ln25_22_reg_1686               |  32|   0|   32|          0|
    |add_ln25_27_reg_1691               |  32|   0|   32|          0|
    |add_ln25_28_reg_1761               |  32|   0|   32|          0|
    |add_ln25_29_reg_1596               |  32|   0|   32|          0|
    |add_ln25_2_reg_1661                |  32|   0|   32|          0|
    |add_ln25_30_reg_1696               |  32|   0|   32|          0|
    |add_ln25_35_reg_1701               |  32|   0|   32|          0|
    |add_ln25_41_reg_1706               |  32|   0|   32|          0|
    |add_ln25_46_reg_1711               |  32|   0|   32|          0|
    |add_ln25_47_reg_1626               |  32|   0|   32|          0|
    |add_ln25_48_reg_1716               |  32|   0|   32|          0|
    |add_ln25_53_reg_1721               |  32|   0|   32|          0|
    |add_ln25_55_reg_1636               |  32|   0|   32|          0|
    |add_ln25_56_reg_1726               |  32|   0|   32|          0|
    |add_ln25_61_reg_1731               |  32|   0|   32|          0|
    |add_ln25_62_reg_1766               |  32|   0|   32|          0|
    |add_ln25_63_reg_1646               |  32|   0|   32|          0|
    |add_ln25_67_reg_1736               |  32|   0|   32|          0|
    |add_ln25_70_reg_1741               |  32|   0|   32|          0|
    |add_ln25_75_reg_1746               |  32|   0|   32|          0|
    |add_ln25_7_reg_1666                |  32|   0|   32|          0|
    |add_ln25_80_reg_1751               |  32|   0|   32|          0|
    |add_ln25_83_reg_1756               |  32|   0|   32|          0|
    |ap_CS_fsm                          |   2|   0|    2|          0|
    |ap_enable_reg_pp0_iter0_reg        |   1|   0|    1|          0|
    |ap_enable_reg_pp0_iter1            |   1|   0|    1|          0|
    |ap_enable_reg_pp0_iter2            |   1|   0|    1|          0|
    |filters_0_0_read_reg_1451          |  32|   0|   32|          0|
    |filters_0_1_read_reg_1429          |  32|   0|   32|          0|
    |filters_0_2_read_reg_1439          |  32|   0|   32|          0|
    |filters_1_0_read_reg_1395          |  32|   0|   32|          0|
    |filters_1_1_read_reg_1324          |  32|   0|   32|          0|
    |filters_1_2_read_reg_1336          |  32|   0|   32|          0|
    |filters_2_0_read_reg_1411          |  32|   0|   32|          0|
    |filters_2_1_read_reg_1351          |  32|   0|   32|          0|
    |filters_2_2_read_reg_1361          |  32|   0|   32|          0|
    |grad_next_layer_0_load_3_reg_1601  |  32|   0|   32|          0|
    |grad_next_layer_2_load_2_reg_1555  |  32|   0|   32|          0|
    |mul_ln25_10_reg_1419               |  32|   0|   32|          0|
    |mul_ln25_11_reg_1424               |  32|   0|   32|          0|
    |mul_ln25_13_reg_1446               |  32|   0|   32|          0|
    |mul_ln25_15_reg_1460               |  32|   0|   32|          0|
    |mul_ln25_1_reg_1346                |  32|   0|   32|          0|
    |mul_ln25_20_reg_1465               |  32|   0|   32|          0|
    |mul_ln25_21_reg_1470               |  32|   0|   32|          0|
    |mul_ln25_31_reg_1480               |  32|   0|   32|          0|
    |mul_ln25_33_reg_1485               |  32|   0|   32|          0|
    |mul_ln25_34_reg_1490               |  32|   0|   32|          0|
    |mul_ln25_35_reg_1495               |  32|   0|   32|          0|
    |mul_ln25_36_reg_1500               |  32|   0|   32|          0|
    |mul_ln25_37_reg_1505               |  32|   0|   32|          0|
    |mul_ln25_41_reg_1510               |  32|   0|   32|          0|
    |mul_ln25_42_reg_1515               |  32|   0|   32|          0|
    |mul_ln25_45_reg_1530               |  32|   0|   32|          0|
    |mul_ln25_46_reg_1535               |  32|   0|   32|          0|
    |mul_ln25_47_reg_1540               |  32|   0|   32|          0|
    |mul_ln25_4_reg_1375                |  32|   0|   32|          0|
    |mul_ln25_58_reg_1561               |  32|   0|   32|          0|
    |mul_ln25_59_reg_1571               |  32|   0|   32|          0|
    |mul_ln25_5_reg_1380                |  32|   0|   32|          0|
    |mul_ln25_60_reg_1576               |  32|   0|   32|          0|
    |mul_ln25_61_reg_1581               |  32|   0|   32|          0|
    |mul_ln25_62_reg_1586               |  32|   0|   32|          0|
    |mul_ln25_66_reg_1606               |  32|   0|   32|          0|
    |mul_ln25_67_reg_1611               |  32|   0|   32|          0|
    |mul_ln25_6_reg_1385                |  32|   0|   32|          0|
    |mul_ln25_75_reg_1641               |  32|   0|   32|          0|
    |mul_ln25_7_reg_1390                |  32|   0|   32|          0|
    |mul_ln25_82_reg_1651               |  32|   0|   32|          0|
    |mul_ln25_86_reg_1656               |  32|   0|   32|          0|
    |mul_ln25_9_reg_1406                |  32|   0|   32|          0|
    +-----------------------------------+----+----+-----+-----------+
    |Total                              |2373|   0| 2373|          0|
    +-----------------------------------+----+----+-----+-----------+



================================================================
== Interface
================================================================
* Summary: 
+-------------------------------+-----+-----+------------+----------------------+--------------+
|           RTL Ports           | Dir | Bits|  Protocol  |     Source Object    |    C Type    |
+-------------------------------+-----+-----+------------+----------------------+--------------+
|ap_clk                         |   in|    1|  ap_ctrl_hs|   gradientCalculation|  return value|
|ap_rst                         |   in|    1|  ap_ctrl_hs|   gradientCalculation|  return value|
|ap_start                       |   in|    1|  ap_ctrl_hs|   gradientCalculation|  return value|
|ap_done                        |  out|    1|  ap_ctrl_hs|   gradientCalculation|  return value|
|ap_idle                        |  out|    1|  ap_ctrl_hs|   gradientCalculation|  return value|
|ap_ready                       |  out|    1|  ap_ctrl_hs|   gradientCalculation|  return value|
|grad_next_layer_0_address0     |  out|    2|   ap_memory|     grad_next_layer_0|         array|
|grad_next_layer_0_ce0          |  out|    1|   ap_memory|     grad_next_layer_0|         array|
|grad_next_layer_0_q0           |   in|   32|   ap_memory|     grad_next_layer_0|         array|
|grad_next_layer_0_address1     |  out|    2|   ap_memory|     grad_next_layer_0|         array|
|grad_next_layer_0_ce1          |  out|    1|   ap_memory|     grad_next_layer_0|         array|
|grad_next_layer_0_q1           |   in|   32|   ap_memory|     grad_next_layer_0|         array|
|grad_next_layer_1_address0     |  out|    2|   ap_memory|     grad_next_layer_1|         array|
|grad_next_layer_1_ce0          |  out|    1|   ap_memory|     grad_next_layer_1|         array|
|grad_next_layer_1_q0           |   in|   32|   ap_memory|     grad_next_layer_1|         array|
|grad_next_layer_1_address1     |  out|    2|   ap_memory|     grad_next_layer_1|         array|
|grad_next_layer_1_ce1          |  out|    1|   ap_memory|     grad_next_layer_1|         array|
|grad_next_layer_1_q1           |   in|   32|   ap_memory|     grad_next_layer_1|         array|
|grad_next_layer_2_address0     |  out|    2|   ap_memory|     grad_next_layer_2|         array|
|grad_next_layer_2_ce0          |  out|    1|   ap_memory|     grad_next_layer_2|         array|
|grad_next_layer_2_q0           |   in|   32|   ap_memory|     grad_next_layer_2|         array|
|grad_next_layer_2_address1     |  out|    2|   ap_memory|     grad_next_layer_2|         array|
|grad_next_layer_2_ce1          |  out|    1|   ap_memory|     grad_next_layer_2|         array|
|grad_next_layer_2_q1           |   in|   32|   ap_memory|     grad_next_layer_2|         array|
|grad_next_layer_3_address0     |  out|    2|   ap_memory|     grad_next_layer_3|         array|
|grad_next_layer_3_ce0          |  out|    1|   ap_memory|     grad_next_layer_3|         array|
|grad_next_layer_3_q0           |   in|   32|   ap_memory|     grad_next_layer_3|         array|
|grad_next_layer_3_address1     |  out|    2|   ap_memory|     grad_next_layer_3|         array|
|grad_next_layer_3_ce1          |  out|    1|   ap_memory|     grad_next_layer_3|         array|
|grad_next_layer_3_q1           |   in|   32|   ap_memory|     grad_next_layer_3|         array|
|filters_0_0                    |   in|   32|     ap_none|           filters_0_0|       pointer|
|filters_0_1                    |   in|   32|     ap_none|           filters_0_1|       pointer|
|filters_0_2                    |   in|   32|     ap_none|           filters_0_2|       pointer|
|filters_1_0                    |   in|   32|     ap_none|           filters_1_0|       pointer|
|filters_1_1                    |   in|   32|     ap_none|           filters_1_1|       pointer|
|filters_1_2                    |   in|   32|     ap_none|           filters_1_2|       pointer|
|filters_2_0                    |   in|   32|     ap_none|           filters_2_0|       pointer|
|filters_2_1                    |   in|   32|     ap_none|           filters_2_1|       pointer|
|filters_2_2                    |   in|   32|     ap_none|           filters_2_2|       pointer|
|grad_current_layer_0_address0  |  out|    2|   ap_memory|  grad_current_layer_0|         array|
|grad_current_layer_0_ce0       |  out|    1|   ap_memory|  grad_current_layer_0|         array|
|grad_current_layer_0_we0       |  out|    1|   ap_memory|  grad_current_layer_0|         array|
|grad_current_layer_0_d0        |  out|   32|   ap_memory|  grad_current_layer_0|         array|
|grad_current_layer_0_address1  |  out|    2|   ap_memory|  grad_current_layer_0|         array|
|grad_current_layer_0_ce1       |  out|    1|   ap_memory|  grad_current_layer_0|         array|
|grad_current_layer_0_we1       |  out|    1|   ap_memory|  grad_current_layer_0|         array|
|grad_current_layer_0_d1        |  out|   32|   ap_memory|  grad_current_layer_0|         array|
|grad_current_layer_1_address0  |  out|    2|   ap_memory|  grad_current_layer_1|         array|
|grad_current_layer_1_ce0       |  out|    1|   ap_memory|  grad_current_layer_1|         array|
|grad_current_layer_1_we0       |  out|    1|   ap_memory|  grad_current_layer_1|         array|
|grad_current_layer_1_d0        |  out|   32|   ap_memory|  grad_current_layer_1|         array|
|grad_current_layer_1_address1  |  out|    2|   ap_memory|  grad_current_layer_1|         array|
|grad_current_layer_1_ce1       |  out|    1|   ap_memory|  grad_current_layer_1|         array|
|grad_current_layer_1_we1       |  out|    1|   ap_memory|  grad_current_layer_1|         array|
|grad_current_layer_1_d1        |  out|   32|   ap_memory|  grad_current_layer_1|         array|
|grad_current_layer_2_address0  |  out|    2|   ap_memory|  grad_current_layer_2|         array|
|grad_current_layer_2_ce0       |  out|    1|   ap_memory|  grad_current_layer_2|         array|
|grad_current_layer_2_we0       |  out|    1|   ap_memory|  grad_current_layer_2|         array|
|grad_current_layer_2_d0        |  out|   32|   ap_memory|  grad_current_layer_2|         array|
|grad_current_layer_2_address1  |  out|    2|   ap_memory|  grad_current_layer_2|         array|
|grad_current_layer_2_ce1       |  out|    1|   ap_memory|  grad_current_layer_2|         array|
|grad_current_layer_2_we1       |  out|    1|   ap_memory|  grad_current_layer_2|         array|
|grad_current_layer_2_d1        |  out|   32|   ap_memory|  grad_current_layer_2|         array|
|grad_current_layer_3_address0  |  out|    2|   ap_memory|  grad_current_layer_3|         array|
|grad_current_layer_3_ce0       |  out|    1|   ap_memory|  grad_current_layer_3|         array|
|grad_current_layer_3_we0       |  out|    1|   ap_memory|  grad_current_layer_3|         array|
|grad_current_layer_3_d0        |  out|   32|   ap_memory|  grad_current_layer_3|         array|
|grad_current_layer_3_address1  |  out|    2|   ap_memory|  grad_current_layer_3|         array|
|grad_current_layer_3_ce1       |  out|    1|   ap_memory|  grad_current_layer_3|         array|
|grad_current_layer_3_we1       |  out|    1|   ap_memory|  grad_current_layer_3|         array|
|grad_current_layer_3_d1        |  out|   32|   ap_memory|  grad_current_layer_3|         array|
+-------------------------------+-----+-----+------------+----------------------+--------------+


